2024-11-24T11:46:11.204+05:30  INFO 12670 --- [restartedMain] Ecom.EcomApplication                     : Starting EcomApplication using Java 17.0.13 with PID 12670 (/home/anurag/main_projects/krusakSanyog/krushak-sanyog-backend/target/classes started by anurag in /home/anurag/main_projects/krusakSanyog/krushak-sanyog-backend)
2024-11-24T11:46:11.216+05:30  INFO 12670 --- [restartedMain] Ecom.EcomApplication                     : No active profile set, falling back to 1 default profile: "default"
2024-11-24T11:46:11.282+05:30  INFO 12670 --- [restartedMain] .e.DevToolsPropertyDefaultsPostProcessor : Devtools property defaults active! Set 'spring.devtools.add-properties' to 'false' to disable
2024-11-24T11:46:11.282+05:30  INFO 12670 --- [restartedMain] .e.DevToolsPropertyDefaultsPostProcessor : For additional web related logging consider setting the 'logging.level.web' property to 'DEBUG'
2024-11-24T11:46:12.027+05:30  INFO 12670 --- [restartedMain] .s.d.r.c.RepositoryConfigurationDelegate : Bootstrapping Spring Data JPA repositories in DEFAULT mode.
2024-11-24T11:46:12.109+05:30  INFO 12670 --- [restartedMain] .s.d.r.c.RepositoryConfigurationDelegate : Finished Spring Data repository scanning in 73 ms. Found 11 JPA repository interfaces.
2024-11-24T11:46:12.730+05:30  INFO 12670 --- [restartedMain] o.s.b.w.embedded.tomcat.TomcatWebServer  : Tomcat initialized with port(s): 8080 (http)
2024-11-24T11:46:12.741+05:30  INFO 12670 --- [restartedMain] o.apache.catalina.core.StandardService   : Starting service [Tomcat]
2024-11-24T11:46:12.741+05:30  INFO 12670 --- [restartedMain] o.apache.catalina.core.StandardEngine    : Starting Servlet engine: [Apache Tomcat/10.1.10]
2024-11-24T11:46:12.797+05:30  INFO 12670 --- [restartedMain] o.a.c.c.C.[Tomcat].[localhost].[/]       : Initializing Spring embedded WebApplicationContext
2024-11-24T11:46:12.798+05:30  INFO 12670 --- [restartedMain] w.s.c.ServletWebServerApplicationContext : Root WebApplicationContext: initialization completed in 1514 ms
2024-11-24T11:46:12.952+05:30  INFO 12670 --- [restartedMain] o.hibernate.jpa.internal.util.LogHelper  : HHH000204: Processing PersistenceUnitInfo [name: default]
2024-11-24T11:46:13.005+05:30  INFO 12670 --- [restartedMain] org.hibernate.Version                    : HHH000412: Hibernate ORM core version 6.2.5.Final
2024-11-24T11:46:13.007+05:30  INFO 12670 --- [restartedMain] org.hibernate.cfg.Environment            : HHH000406: Using bytecode reflection optimizer
2024-11-24T11:46:13.109+05:30  INFO 12670 --- [restartedMain] o.h.b.i.BytecodeProviderInitiator        : HHH000021: Bytecode provider name : bytebuddy
2024-11-24T11:46:13.201+05:30  INFO 12670 --- [restartedMain] o.s.o.j.p.SpringPersistenceUnitInfo      : No LoadTimeWeaver setup: ignoring JPA class transformer
2024-11-24T11:46:13.213+05:30  INFO 12670 --- [restartedMain] com.zaxxer.hikari.HikariDataSource       : HikariPool-1 - Starting...
2024-11-24T11:46:13.517+05:30  INFO 12670 --- [restartedMain] com.zaxxer.hikari.pool.HikariPool        : HikariPool-1 - Added connection com.mysql.cj.jdbc.ConnectionImpl@252b4e9
2024-11-24T11:46:13.519+05:30  INFO 12670 --- [restartedMain] com.zaxxer.hikari.HikariDataSource       : HikariPool-1 - Start completed.
2024-11-24T11:46:13.781+05:30  INFO 12670 --- [restartedMain] o.h.b.i.BytecodeProviderInitiator        : HHH000021: Bytecode provider name : bytebuddy
2024-11-24T11:46:14.294+05:30  INFO 12670 --- [restartedMain] o.h.e.t.j.p.i.JtaPlatformInitiator       : HHH000490: Using JtaPlatform implementation: [org.hibernate.engine.transaction.jta.platform.internal.NoJtaPlatform]
2024-11-24T11:46:14.754+05:30  INFO 12670 --- [restartedMain] j.LocalContainerEntityManagerFactoryBean : Initialized JPA EntityManagerFactory for persistence unit 'default'
2024-11-24T11:46:14.941+05:30  INFO 12670 --- [restartedMain] o.s.d.j.r.query.QueryEnhancerFactory     : Hibernate is in classpath; If applicable, HQL parser will be used.
2024-11-24T11:46:15.467+05:30  WARN 12670 --- [restartedMain] JpaBaseConfiguration$JpaWebConfiguration : spring.jpa.open-in-view is enabled by default. Therefore, database queries may be performed during view rendering. Explicitly configure spring.jpa.open-in-view to disable this warning
2024-11-24T11:46:16.018+05:30  INFO 12670 --- [restartedMain] o.s.s.web.DefaultSecurityFilterChain     : Will secure any request with [org.springframework.security.web.session.DisableEncodeUrlFilter@638587f8, org.springframework.security.web.context.request.async.WebAsyncManagerIntegrationFilter@42c1c2f0, org.springframework.security.web.context.SecurityContextHolderFilter@624a2c9c, org.springframework.security.web.header.HeaderWriterFilter@5be586df, org.springframework.web.filter.CorsFilter@39ced212, org.springframework.security.web.authentication.logout.LogoutFilter@75c32e25, Ecom.SecurityConfig.JwtTokenValidatorFilter@2609a637, org.springframework.security.web.authentication.www.BasicAuthenticationFilter@1d078c54, Ecom.SecurityConfig.JwtTokenGeneratorFilter@69fc5f49, org.springframework.security.web.savedrequest.RequestCacheAwareFilter@64db292b, org.springframework.security.web.servletapi.SecurityContextHolderAwareRequestFilter@600006ac, org.springframework.security.web.authentication.AnonymousAuthenticationFilter@2566c6c4, org.springframework.security.web.session.SessionManagementFilter@5f2f5f4d, org.springframework.security.web.access.ExceptionTranslationFilter@43e55e62, org.springframework.security.web.access.intercept.AuthorizationFilter@79a098c1]
2024-11-24T11:46:16.170+05:30  INFO 12670 --- [restartedMain] o.s.b.d.a.OptionalLiveReloadServer       : LiveReload server is running on port 35729
2024-11-24T11:46:16.191+05:30  INFO 12670 --- [restartedMain] o.s.b.w.embedded.tomcat.TomcatWebServer  : Tomcat started on port(s): 8080 (http) with context path ''
2024-11-24T11:46:16.198+05:30  INFO 12670 --- [restartedMain] Ecom.EcomApplication                     : Started EcomApplication in 5.422 seconds (process running for 5.783)
